---------------------------------------------------------------------------------------------------------------------------------------------
      name:  <unnamed>
       log:  C:\Users\SCIENCE\Documents\Linear.log
  log type:  text
 opened on:   5 Dec 2023, 14:23:29

. import delimited C:\Users\SCIENCE\Documents\Housing.csv
(13 vars, 545 obs)
. correlate price area bedrooms bathrooms stories parking
(obs=545)

             |    price     area bedrooms bathro~s  stories  parking
-------------+------------------------------------------------------
       price |   1.0000
        area |   0.5360   1.0000
    bedrooms |   0.3665   0.1519   1.0000
   bathrooms |   0.5175   0.1938   0.3739   1.0000
     stories |   0.4207   0.0840   0.4086   0.3262   1.0000
     parking |   0.3844   0.3530   0.1393   0.1775   0.0455   1.0000


. regress price area bedrooms bathrooms stories parking

      Source |       SS       df       MS              Number of obs =     545
-------------+------------------------------           F(  5,   539) =  138.08
       Model |  1.0688e+15     5  2.1376e+14           Prob > F      =  0.0000
    Residual |  8.3440e+14   539  1.5481e+12           R-squared     =  0.5616
-------------+------------------------------           Adj R-squared =  0.5575
       Total |  1.9032e+15   544  3.4985e+12           Root MSE      =  1.2e+06

------------------------------------------------------------------------------
       price |      Coef.   Std. Err.      t    P>|t|     [95% Conf. Interval]
-------------+----------------------------------------------------------------
        area |   331.1155   26.59967    12.45   0.000     278.8638    383.3672
    bedrooms |   167809.8   82932.69     2.02   0.044     4898.893    330720.7
   bathrooms |    1133740   118828.3     9.54   0.000     900316.8     1367164
     stories |   547939.8   68894.47     7.95   0.000     412605.2    683274.4
     parking |   377596.3   66804.14     5.65   0.000     246367.9    508824.7
       _cons |  -145734.5   246634.5    -0.59   0.555    -630217.1    338748.1
------------------------------------------------------------------------------

. histogram price
(bin=23, start=1750000, width=502173.91)

. histogram price
(bin=23, start=1750000, width=502173.91)

. log close
      name:  <unnamed>
       log:  C:\Users\SCIENCE\Documents\Linear.log
  log type:  text
 closed on:   5 Dec 2023, 14:40:10
---------------------------------------------------------------------------------------------------------------------------------------------
